<?xml version="1.0" encoding="UTF-8"?>
<!-- Generated by org.testng.reporters.JUnitReportReporter -->
<testsuite hostname="USER-20160621RS" name="com.po.testScript.ReportTest" tests="3" failures="0" timestamp="28 Jun 2017 03:53:16 GMT" time="0.032" errors="0">
  <testcase name="dataProviderTest" time="0.016" classname="com.po.testScript.ReportTest"/>
  <testcase name="testTrue" time="0.000" classname="com.po.testScript.ReportTest"/>
  <testcase name="dataProviderTest" time="0.016" classname="com.po.testScript.ReportTest"/>
</testsuite> <!-- com.po.testScript.ReportTest -->
