<?xml version="1.0" encoding="UTF-8"?>
<!-- Generated by org.testng.reporters.JUnitReportReporter -->
<testsuite hostname="USER-20160621RS" name="com.po.testScript.SendMail" tests="1" failures="0" timestamp="27 Jun 2017 09:03:41 GMT" time="14.539" errors="0">
  <testcase name="clickSendMail" time="14.539" classname="com.po.testScript.SendMail"/>
</testsuite> <!-- com.po.testScript.SendMail -->
