<?xml version="1.0" encoding="UTF-8"?>
<!-- Generated by org.testng.reporters.JUnitReportReporter -->
<testsuite hostname="USER-20160621RS" name="com.po.testScript.mailLogin_001_LoginSuccessFunction_Test" tests="1" failures="0" timestamp="29 Jun 2017 03:11:20 GMT" time="15.758" errors="0">
  <testcase name="loginAcc" time="15.758" classname="com.po.testScript.mailLogin_001_LoginSuccessFunction_Test"/>
</testsuite> <!-- com.po.testScript.mailLogin_001_LoginSuccessFunction_Test -->
