<?xml version="1.0" encoding="UTF-8"?>
<!-- Generated by org.testng.reporters.JUnitReportReporter -->
<testsuite skipped="0" hostname="USER-20160621RS" name="com.po.testScript.WindowsSwitch" tests="1" failures="0" timestamp="26 六月 2017 05:49:38 GMT" time="9.253" errors="0">
  <testcase name="switchhandl" time="9.253" classname="com.po.testScript.WindowsSwitch"/>
</testsuite> <!-- com.po.testScript.WindowsSwitch -->
