<?xml version="1.0" encoding="UTF-8"?>
<!-- Generated by org.testng.reporters.JUnitReportReporter -->
<testsuite hostname="USER-20160621RS" name="com.po.testScript.mailLoginTest" tests="1" failures="0" timestamp="28 Jun 2017 06:38:32 GMT" time="8.649" errors="0">
  <testcase name="loginAcc" time="8.649" classname="com.po.testScript.mailLoginTest"/>
</testsuite> <!-- com.po.testScript.mailLoginTest -->
